<?xml version="1.0" encoding="UTF-8"?>
<testng-results ignored="0" total="4" passed="4" failed="0" skipped="0">
  <reporter-output>
  </reporter-output>
  <suite started-at="2024-02-21T12:27:36 IST" name="Suite" finished-at="2024-02-21T12:28:22 IST" duration-ms="46924">
    <groups>
    </groups>
    <test started-at="2024-02-21T12:27:36 IST" name="Run on Chrome" finished-at="2024-02-21T12:27:58 IST" duration-ms="22784">
      <class name="com.tests.Login">
        <test-method is-config="true" signature="LaunchBrowser(java.lang.String)[pri:0, instance:com.tests.Login@61322f9d]" started-at="2024-02-21T12:27:36 IST" name="LaunchBrowser" finished-at="2024-02-21T12:27:42 IST" duration-ms="6295" status="PASS">
          <params>
            <param index="0">
              <value>
                <![CDATA[Chrome]]>
              </value>
            </param>
          </params>
          <reporter-output>
          </reporter-output>
        </test-method> <!-- LaunchBrowser -->
        <test-method signature="verifyurlTC001()[pri:1, instance:com.tests.Login@61322f9d]" started-at="2024-02-21T12:27:42 IST" name="verifyurlTC001" finished-at="2024-02-21T12:27:47 IST" duration-ms="4678" status="PASS">
          <reporter-output>
          </reporter-output>
        </test-method> <!-- verifyurlTC001 -->
        <test-method is-config="true" signature="CloseBrowser()[pri:0, instance:com.tests.Login@61322f9d]" started-at="2024-02-21T12:27:47 IST" name="CloseBrowser" finished-at="2024-02-21T12:27:47 IST" duration-ms="273" status="PASS">
          <reporter-output>
          </reporter-output>
        </test-method> <!-- CloseBrowser -->
        <test-method is-config="true" signature="LaunchBrowser(java.lang.String)[pri:0, instance:com.tests.Login@61322f9d]" started-at="2024-02-21T12:27:47 IST" name="LaunchBrowser" finished-at="2024-02-21T12:27:55 IST" duration-ms="7703" status="PASS">
          <params>
            <param index="0">
              <value>
                <![CDATA[Chrome]]>
              </value>
            </param>
          </params>
          <reporter-output>
          </reporter-output>
        </test-method> <!-- LaunchBrowser -->
        <test-method signature="VerifytheerrormessageonloginpageTC002()[pri:2, instance:com.tests.Login@61322f9d]" started-at="2024-02-21T12:27:55 IST" name="VerifytheerrormessageonloginpageTC002" finished-at="2024-02-21T12:27:58 IST" duration-ms="3192" status="PASS">
          <reporter-output>
          </reporter-output>
        </test-method> <!-- VerifytheerrormessageonloginpageTC002 -->
        <test-method is-config="true" signature="CloseBrowser()[pri:0, instance:com.tests.Login@61322f9d]" started-at="2024-02-21T12:27:58 IST" name="CloseBrowser" finished-at="2024-02-21T12:27:58 IST" duration-ms="288" status="PASS">
          <reporter-output>
          </reporter-output>
        </test-method> <!-- CloseBrowser -->
      </class> <!-- com.tests.Login -->
    </test> <!-- Run on Chrome -->
    <test started-at="2024-02-21T12:27:58 IST" name="Run on firefox" finished-at="2024-02-21T12:28:22 IST" duration-ms="24107">
      <class name="com.tests.Login">
        <test-method is-config="true" signature="BeforeLaunchingbrowser()[pri:0, instance:com.tests.Login@4c39bec8]" started-at="2024-02-21T12:27:36 IST" name="BeforeLaunchingbrowser" finished-at="2024-02-21T12:27:36 IST" duration-ms="17" status="PASS">
          <reporter-output>
          </reporter-output>
        </test-method> <!-- BeforeLaunchingbrowser -->
        <test-method is-config="true" signature="LaunchBrowser(java.lang.String)[pri:0, instance:com.tests.Login@4c39bec8]" started-at="2024-02-21T12:27:58 IST" name="LaunchBrowser" finished-at="2024-02-21T12:28:07 IST" duration-ms="8177" status="PASS">
          <params>
            <param index="0">
              <value>
                <![CDATA[firefox]]>
              </value>
            </param>
          </params>
          <reporter-output>
          </reporter-output>
        </test-method> <!-- LaunchBrowser -->
        <test-method signature="verifyurlTC001()[pri:1, instance:com.tests.Login@4c39bec8]" started-at="2024-02-21T12:28:07 IST" name="verifyurlTC001" finished-at="2024-02-21T12:28:11 IST" duration-ms="4079" status="PASS">
          <reporter-output>
          </reporter-output>
        </test-method> <!-- verifyurlTC001 -->
        <test-method is-config="true" signature="CloseBrowser()[pri:0, instance:com.tests.Login@4c39bec8]" started-at="2024-02-21T12:28:11 IST" name="CloseBrowser" finished-at="2024-02-21T12:28:12 IST" duration-ms="1302" status="PASS">
          <reporter-output>
          </reporter-output>
        </test-method> <!-- CloseBrowser -->
        <test-method is-config="true" signature="LaunchBrowser(java.lang.String)[pri:0, instance:com.tests.Login@4c39bec8]" started-at="2024-02-21T12:28:12 IST" name="LaunchBrowser" finished-at="2024-02-21T12:28:19 IST" duration-ms="7013" status="PASS">
          <params>
            <param index="0">
              <value>
                <![CDATA[firefox]]>
              </value>
            </param>
          </params>
          <reporter-output>
          </reporter-output>
        </test-method> <!-- LaunchBrowser -->
        <test-method signature="VerifytheerrormessageonloginpageTC002()[pri:2, instance:com.tests.Login@4c39bec8]" started-at="2024-02-21T12:28:19 IST" name="VerifytheerrormessageonloginpageTC002" finished-at="2024-02-21T12:28:21 IST" duration-ms="2132" status="PASS">
          <reporter-output>
          </reporter-output>
        </test-method> <!-- VerifytheerrormessageonloginpageTC002 -->
        <test-method is-config="true" signature="CloseBrowser()[pri:0, instance:com.tests.Login@4c39bec8]" started-at="2024-02-21T12:28:21 IST" name="CloseBrowser" finished-at="2024-02-21T12:28:22 IST" duration-ms="1262" status="PASS">
          <reporter-output>
          </reporter-output>
        </test-method> <!-- CloseBrowser -->
      </class> <!-- com.tests.Login -->
    </test> <!-- Run on firefox -->
  </suite> <!-- Suite -->
</testng-results>
