<?xml version="1.0" encoding="UTF-8"?>
<testng-results ignored="0" total="4" passed="4" failed="0" skipped="0">
  <reporter-output>
  </reporter-output>
  <suite started-at="2024-02-28T15:55:42 IST" name="Suite" finished-at="2024-02-28T15:56:24 IST" duration-ms="41332">
    <groups>
    </groups>
    <test started-at="2024-02-28T15:55:42 IST" name="Run on Chrome" finished-at="2024-02-28T15:56:00 IST" duration-ms="17930">
      <class name="com.tests.Login">
        <test-method is-config="true" signature="LaunchBrowser(java.lang.String)[pri:0, instance:com.tests.Login@1921ad94]" started-at="2024-02-28T15:55:42 IST" name="LaunchBrowser" finished-at="2024-02-28T15:55:49 IST" duration-ms="6280" status="PASS">
          <params>
            <param index="0">
              <value>
                <![CDATA[Chrome]]>
              </value>
            </param>
          </params>
          <reporter-output>
          </reporter-output>
        </test-method> <!-- LaunchBrowser -->
        <test-method signature="verifyurlTC001()[pri:1, instance:com.tests.Login@1921ad94]" started-at="2024-02-28T15:55:49 IST" name="verifyurlTC001" finished-at="2024-02-28T15:55:53 IST" duration-ms="4222" status="PASS">
          <reporter-output>
          </reporter-output>
        </test-method> <!-- verifyurlTC001 -->
        <test-method is-config="true" signature="CloseBrowser()[pri:0, instance:com.tests.Login@1921ad94]" started-at="2024-02-28T15:55:53 IST" name="CloseBrowser" finished-at="2024-02-28T15:55:53 IST" duration-ms="290" status="PASS">
          <reporter-output>
          </reporter-output>
        </test-method> <!-- CloseBrowser -->
        <test-method is-config="true" signature="LaunchBrowser(java.lang.String)[pri:0, instance:com.tests.Login@1921ad94]" started-at="2024-02-28T15:55:53 IST" name="LaunchBrowser" finished-at="2024-02-28T15:55:58 IST" duration-ms="4403" status="PASS">
          <params>
            <param index="0">
              <value>
                <![CDATA[Chrome]]>
              </value>
            </param>
          </params>
          <reporter-output>
          </reporter-output>
        </test-method> <!-- LaunchBrowser -->
        <test-method signature="VerifytheerrormessageonloginpageTC002()[pri:2, instance:com.tests.Login@1921ad94]" started-at="2024-02-28T15:55:58 IST" name="VerifytheerrormessageonloginpageTC002" finished-at="2024-02-28T15:56:00 IST" duration-ms="2137" status="PASS">
          <reporter-output>
          </reporter-output>
        </test-method> <!-- VerifytheerrormessageonloginpageTC002 -->
        <test-method is-config="true" signature="CloseBrowser()[pri:0, instance:com.tests.Login@1921ad94]" started-at="2024-02-28T15:56:00 IST" name="CloseBrowser" finished-at="2024-02-28T15:56:00 IST" duration-ms="234" status="PASS">
          <reporter-output>
          </reporter-output>
        </test-method> <!-- CloseBrowser -->
      </class> <!-- com.tests.Login -->
    </test> <!-- Run on Chrome -->
    <test started-at="2024-02-28T15:56:00 IST" name="Run on firefox" finished-at="2024-02-28T15:56:24 IST" duration-ms="23368">
      <class name="com.tests.Login">
        <test-method is-config="true" signature="BeforeLaunchingbrowser()[pri:0, instance:com.tests.Login@25aca718]" started-at="2024-02-28T15:55:42 IST" name="BeforeLaunchingbrowser" finished-at="2024-02-28T15:55:42 IST" duration-ms="21" status="PASS">
          <reporter-output>
          </reporter-output>
        </test-method> <!-- BeforeLaunchingbrowser -->
        <test-method is-config="true" signature="LaunchBrowser(java.lang.String)[pri:0, instance:com.tests.Login@25aca718]" started-at="2024-02-28T15:56:00 IST" name="LaunchBrowser" finished-at="2024-02-28T15:56:08 IST" duration-ms="7821" status="PASS">
          <params>
            <param index="0">
              <value>
                <![CDATA[firefox]]>
              </value>
            </param>
          </params>
          <reporter-output>
          </reporter-output>
        </test-method> <!-- LaunchBrowser -->
        <test-method signature="verifyurlTC001()[pri:1, instance:com.tests.Login@25aca718]" started-at="2024-02-28T15:56:08 IST" name="verifyurlTC001" finished-at="2024-02-28T15:56:13 IST" duration-ms="4780" status="PASS">
          <reporter-output>
          </reporter-output>
        </test-method> <!-- verifyurlTC001 -->
        <test-method is-config="true" signature="CloseBrowser()[pri:0, instance:com.tests.Login@25aca718]" started-at="2024-02-28T15:56:13 IST" name="CloseBrowser" finished-at="2024-02-28T15:56:14 IST" duration-ms="1194" status="PASS">
          <reporter-output>
          </reporter-output>
        </test-method> <!-- CloseBrowser -->
        <test-method is-config="true" signature="LaunchBrowser(java.lang.String)[pri:0, instance:com.tests.Login@25aca718]" started-at="2024-02-28T15:56:14 IST" name="LaunchBrowser" finished-at="2024-02-28T15:56:20 IST" duration-ms="6314" status="PASS">
          <params>
            <param index="0">
              <value>
                <![CDATA[firefox]]>
              </value>
            </param>
          </params>
          <reporter-output>
          </reporter-output>
        </test-method> <!-- LaunchBrowser -->
        <test-method signature="VerifytheerrormessageonloginpageTC002()[pri:2, instance:com.tests.Login@25aca718]" started-at="2024-02-28T15:56:20 IST" name="VerifytheerrormessageonloginpageTC002" finished-at="2024-02-28T15:56:23 IST" duration-ms="2060" status="PASS">
          <reporter-output>
          </reporter-output>
        </test-method> <!-- VerifytheerrormessageonloginpageTC002 -->
        <test-method is-config="true" signature="CloseBrowser()[pri:0, instance:com.tests.Login@25aca718]" started-at="2024-02-28T15:56:23 IST" name="CloseBrowser" finished-at="2024-02-28T15:56:24 IST" duration-ms="1084" status="PASS">
          <reporter-output>
          </reporter-output>
        </test-method> <!-- CloseBrowser -->
      </class> <!-- com.tests.Login -->
    </test> <!-- Run on firefox -->
  </suite> <!-- Suite -->
</testng-results>
