<?xml version="1.0" encoding="UTF-8"?>
<!-- Generated by org.testng.reporters.JUnitXMLReporter -->
<testsuite ignored="3" hostname="Bharadwaj-B6DD2G2" failures="7" tests="11" name="Run on firefox" time="220.103" errors="0" timestamp="2023-11-01T16:02:19 IST">
  <testcase classname="com.tests.Login" name="verifyurlTC001" time="8.246"/>
  <testcase classname="com.tests.Login" name="VerifytheerrormessageonloginpageTC002" time="4.359"/>
  <testcase classname="com.tests.PIM" name="deleteemployee" time="7.48"/>
  <testcase classname="com.tests.PIM" name="createemployee" time="3.472">
    <skipped/>
  </testcase> <!-- createemployee -->
  <testcase classname="com.tests.PIM" name="createemployee" time="0.044">
    <failure type="org.openqa.selenium.NoSuchSessionException" message="Session ID is null. Using WebDriver after calling quit()?
Build info: version: &amp;apos;4.12.1&amp;apos;, revision: &amp;apos;8e34639b11&amp;apos;
System info: os.name: &amp;apos;Windows 10&amp;apos;, os.arch: &amp;apos;amd64&amp;apos;, os.version: &amp;apos;10.0&amp;apos;, java.version: &amp;apos;17.0.9&amp;apos;
Driver info: org.openqa.selenium.firefox.FirefoxDriver
Command: [null, findElement {using=xpath, value=//input[@name=&amp;apos;username&amp;apos;]}]
Capabilities {acceptInsecureCerts: true, browserName: firefox, browserVersion: 119.0, moz:accessibilityChecks: false, moz:buildID: 20231019122658, moz:debuggerAddress: 127.0.0.1:32940, moz:geckodriverVersion: 0.33.0, moz:headless: false, moz:platformVersion: 10.0, moz:processID: 17660, moz:profile: C:\Users\BHARAD~1.VIS\AppDa..., moz:shutdownTimeout: 60000, moz:webdriverClick: true, moz:windowless: false, pageLoadStrategy: normal, platformName: windows, proxy: Proxy(), se:cdp: ws://127.0.0.1:32940/devtoo..., se:cdpVersion: 85.0, setWindowRect: true, strictFileInteractability: false, timeouts: {implicit: 0, pageLoad: 300000, script: 30000}, unhandledPromptBehavior: dismiss and notify}">
      <![CDATA[org.openqa.selenium.NoSuchSessionException: Session ID is null. Using WebDriver after calling quit()?
Build info: version: '4.12.1', revision: '8e34639b11'
System info: os.name: 'Windows 10', os.arch: 'amd64', os.version: '10.0', java.version: '17.0.9'
Driver info: org.openqa.selenium.firefox.FirefoxDriver
Command: [null, findElement {using=xpath, value=//input[@name='username']}]
Capabilities {acceptInsecureCerts: true, browserName: firefox, browserVersion: 119.0, moz:accessibilityChecks: false, moz:buildID: 20231019122658, moz:debuggerAddress: 127.0.0.1:32940, moz:geckodriverVersion: 0.33.0, moz:headless: false, moz:platformVersion: 10.0, moz:processID: 17660, moz:profile: C:\Users\BHARAD~1.VIS\AppDa..., moz:shutdownTimeout: 60000, moz:webdriverClick: true, moz:windowless: false, pageLoadStrategy: normal, platformName: windows, proxy: Proxy(), se:cdp: ws://127.0.0.1:32940/devtoo..., se:cdpVersion: 85.0, setWindowRect: true, strictFileInteractability: false, timeouts: {implicit: 0, pageLoad: 300000, script: 30000}, unhandledPromptBehavior: dismiss and notify}
at org.openqa.selenium.remote.HttpCommandExecutor.execute(HttpCommandExecutor.java:152)
at org.openqa.selenium.remote.service.DriverCommandExecutor.invokeExecute(DriverCommandExecutor.java:196)
at org.openqa.selenium.remote.service.DriverCommandExecutor.execute(DriverCommandExecutor.java:171)
at org.openqa.selenium.remote.RemoteWebDriver.execute(RemoteWebDriver.java:602)
at org.openqa.selenium.remote.ElementLocation$ElementFinder$2.findElement(ElementLocation.java:165)
at org.openqa.selenium.remote.ElementLocation.findElement(ElementLocation.java:59)
at org.openqa.selenium.remote.RemoteWebDriver.findElement(RemoteWebDriver.java:359)
at org.openqa.selenium.remote.RemoteWebDriver.findElement(RemoteWebDriver.java:353)
at org.openqa.selenium.support.pagefactory.DefaultElementLocator.findElement(DefaultElementLocator.java:68)
at org.openqa.selenium.support.pagefactory.internal.LocatingElementHandler.invoke(LocatingElementHandler.java:38)
at jdk.proxy2/jdk.proxy2.$Proxy20.sendKeys(Unknown Source)
at com.tests.BaseClass.sendkeys(BaseClass.java:73)
at com.pom.Loginpage.Login(Loginpage.java:31)
at com.tests.PIM.createemployee(PIM.java:24)
at java.base/java.util.concurrent.FutureTask.run(FutureTask.java:264)
at java.base/java.util.concurrent.Executors$RunnableAdapter.call(Executors.java:539)
at java.base/java.util.concurrent.FutureTask.run(FutureTask.java:264)
at java.base/java.util.concurrent.ThreadPoolExecutor.runWorker(ThreadPoolExecutor.java:1136)
at java.base/java.util.concurrent.ThreadPoolExecutor$Worker.run(ThreadPoolExecutor.java:635)
at java.base/java.lang.Thread.run(Thread.java:842)
... Removed 9 stack frames]]>
    </failure>
  </testcase> <!-- createemployee -->
  <testcase classname="com.tests.PIM" name="createemployee" time="30.171">
    <failure type="org.openqa.selenium.NoSuchSessionException" message="Session ID is null. Using WebDriver after calling quit()?
Build info: version: &amp;apos;4.12.1&amp;apos;, revision: &amp;apos;8e34639b11&amp;apos;
System info: os.name: &amp;apos;Windows 10&amp;apos;, os.arch: &amp;apos;amd64&amp;apos;, os.version: &amp;apos;10.0&amp;apos;, java.version: &amp;apos;17.0.9&amp;apos;
Driver info: org.openqa.selenium.firefox.FirefoxDriver
Command: [null, sendKeysToElement {id=32e4a1d9-7086-4d7e-b5f1-b3981cc14da0, value=[Ljava.lang.CharSequence;@4d8c5a99}]
Capabilities {acceptInsecureCerts: true, browserName: firefox, browserVersion: 119.0, moz:accessibilityChecks: false, moz:buildID: 20231019122658, moz:debuggerAddress: 127.0.0.1:32940, moz:geckodriverVersion: 0.33.0, moz:headless: false, moz:platformVersion: 10.0, moz:processID: 17660, moz:profile: C:\Users\BHARAD~1.VIS\AppDa..., moz:shutdownTimeout: 60000, moz:webdriverClick: true, moz:windowless: false, pageLoadStrategy: normal, platformName: windows, proxy: Proxy(), se:cdp: ws://127.0.0.1:32940/devtoo..., se:cdpVersion: 85.0, setWindowRect: true, strictFileInteractability: false, timeouts: {implicit: 0, pageLoad: 300000, script: 30000}, unhandledPromptBehavior: dismiss and notify}
Element: [[FirefoxDriver: firefox on windows (null)] -&amp;gt; xpath: //input[@name=&amp;apos;username&amp;apos;]]">
      <![CDATA[org.openqa.selenium.NoSuchSessionException: Session ID is null. Using WebDriver after calling quit()?
Build info: version: '4.12.1', revision: '8e34639b11'
System info: os.name: 'Windows 10', os.arch: 'amd64', os.version: '10.0', java.version: '17.0.9'
Driver info: org.openqa.selenium.firefox.FirefoxDriver
Command: [null, sendKeysToElement {id=32e4a1d9-7086-4d7e-b5f1-b3981cc14da0, value=[Ljava.lang.CharSequence;@4d8c5a99}]
Capabilities {acceptInsecureCerts: true, browserName: firefox, browserVersion: 119.0, moz:accessibilityChecks: false, moz:buildID: 20231019122658, moz:debuggerAddress: 127.0.0.1:32940, moz:geckodriverVersion: 0.33.0, moz:headless: false, moz:platformVersion: 10.0, moz:processID: 17660, moz:profile: C:\Users\BHARAD~1.VIS\AppDa..., moz:shutdownTimeout: 60000, moz:webdriverClick: true, moz:windowless: false, pageLoadStrategy: normal, platformName: windows, proxy: Proxy(), se:cdp: ws://127.0.0.1:32940/devtoo..., se:cdpVersion: 85.0, setWindowRect: true, strictFileInteractability: false, timeouts: {implicit: 0, pageLoad: 300000, script: 30000}, unhandledPromptBehavior: dismiss and notify}
Element: [[FirefoxDriver: firefox on windows (null)] -> xpath: //input[@name='username']]
at org.openqa.selenium.remote.HttpCommandExecutor.execute(HttpCommandExecutor.java:152)
at org.openqa.selenium.remote.service.DriverCommandExecutor.invokeExecute(DriverCommandExecutor.java:196)
at org.openqa.selenium.remote.service.DriverCommandExecutor.execute(DriverCommandExecutor.java:171)
at org.openqa.selenium.remote.RemoteWebDriver.execute(RemoteWebDriver.java:602)
at org.openqa.selenium.remote.RemoteWebElement.execute(RemoteWebElement.java:224)
at org.openqa.selenium.remote.RemoteWebElement.sendKeys(RemoteWebElement.java:111)
at org.openqa.selenium.support.pagefactory.internal.LocatingElementHandler.invoke(LocatingElementHandler.java:51)
at jdk.proxy2/jdk.proxy2.$Proxy20.sendKeys(Unknown Source)
at com.tests.BaseClass.sendkeys(BaseClass.java:73)
at com.pom.Loginpage.Login(Loginpage.java:31)
at com.tests.PIM.createemployee(PIM.java:24)
at java.base/java.util.concurrent.FutureTask.run(FutureTask.java:264)
at java.base/java.util.concurrent.Executors$RunnableAdapter.call(Executors.java:539)
at java.base/java.util.concurrent.FutureTask.run(FutureTask.java:264)
at java.base/java.util.concurrent.ThreadPoolExecutor.runWorker(ThreadPoolExecutor.java:1136)
at java.base/java.util.concurrent.ThreadPoolExecutor$Worker.run(ThreadPoolExecutor.java:635)
at java.base/java.lang.Thread.run(Thread.java:842)
... Removed 12 stack frames]]>
    </failure>
  </testcase> <!-- createemployee -->
  <testcase classname="com.tests.PIM" name="createemployee" time="85.817">
    <failure type="org.testng.TestNGException" message="java.util.concurrent.ExecutionException: org.openqa.selenium.NoSuchSessionException: Session ID is null. Using WebDriver after calling quit()?
Build info: version: &amp;apos;4.12.1&amp;apos;, revision: &amp;apos;8e34639b11&amp;apos;
System info: os.name: &amp;apos;Windows 10&amp;apos;, os.arch: &amp;apos;amd64&amp;apos;, os.version: &amp;apos;10.0&amp;apos;, java.version: &amp;apos;17.0.9&amp;apos;
Driver info: org.openqa.selenium.firefox.FirefoxDriver
Command: [null, screenshot {}]
Capabilities {acceptInsecureCerts: true, browserName: firefox, browserVersion: 119.0, moz:accessibilityChecks: false, moz:buildID: 20231019122658, moz:debuggerAddress: 127.0.0.1:32940, moz:geckodriverVersion: 0.33.0, moz:headless: false, moz:platformVersion: 10.0, moz:processID: 17660, moz:profile: C:\Users\BHARAD~1.VIS\AppDa..., moz:shutdownTimeout: 60000, moz:webdriverClick: true, moz:windowless: false, pageLoadStrategy: normal, platformName: windows, proxy: Proxy(), se:cdp: ws://127.0.0.1:32940/devtoo..., se:cdpVersion: 85.0, setWindowRect: true, strictFileInteractability: false, timeouts: {implicit: 0, pageLoad: 300000, script: 30000}, unhandledPromptBehavior: dismiss and notify}">
      <![CDATA[org.testng.TestNGException: java.util.concurrent.ExecutionException: org.openqa.selenium.NoSuchSessionException: Session ID is null. Using WebDriver after calling quit()?
Build info: version: '4.12.1', revision: '8e34639b11'
System info: os.name: 'Windows 10', os.arch: 'amd64', os.version: '10.0', java.version: '17.0.9'
Driver info: org.openqa.selenium.firefox.FirefoxDriver
Command: [null, screenshot {}]
Capabilities {acceptInsecureCerts: true, browserName: firefox, browserVersion: 119.0, moz:accessibilityChecks: false, moz:buildID: 20231019122658, moz:debuggerAddress: 127.0.0.1:32940, moz:geckodriverVersion: 0.33.0, moz:headless: false, moz:platformVersion: 10.0, moz:processID: 17660, moz:profile: C:\Users\BHARAD~1.VIS\AppDa..., moz:shutdownTimeout: 60000, moz:webdriverClick: true, moz:windowless: false, pageLoadStrategy: normal, platformName: windows, proxy: Proxy(), se:cdp: ws://127.0.0.1:32940/devtoo..., se:cdpVersion: 85.0, setWindowRect: true, strictFileInteractability: false, timeouts: {implicit: 0, pageLoad: 300000, script: 30000}, unhandledPromptBehavior: dismiss and notify}
at java.base/java.util.ArrayList.forEach(ArrayList.java:1511)
Caused by: java.util.concurrent.ExecutionException: org.openqa.selenium.NoSuchSessionException: Session ID is null. Using WebDriver after calling quit()?
Build info: version: '4.12.1', revision: '8e34639b11'
System info: os.name: 'Windows 10', os.arch: 'amd64', os.version: '10.0', java.version: '17.0.9'
Driver info: org.openqa.selenium.firefox.FirefoxDriver
Command: [null, screenshot {}]
Capabilities {acceptInsecureCerts: true, browserName: firefox, browserVersion: 119.0, moz:accessibilityChecks: false, moz:buildID: 20231019122658, moz:debuggerAddress: 127.0.0.1:32940, moz:geckodriverVersion: 0.33.0, moz:headless: false, moz:platformVersion: 10.0, moz:processID: 17660, moz:profile: C:\Users\BHARAD~1.VIS\AppDa..., moz:shutdownTimeout: 60000, moz:webdriverClick: true, moz:windowless: false, pageLoadStrategy: normal, platformName: windows, proxy: Proxy(), se:cdp: ws://127.0.0.1:32940/devtoo..., se:cdpVersion: 85.0, setWindowRect: true, strictFileInteractability: false, timeouts: {implicit: 0, pageLoad: 300000, script: 30000}, unhandledPromptBehavior: dismiss and notify}
at java.base/java.util.concurrent.FutureTask.report(FutureTask.java:122)
at java.base/java.util.concurrent.FutureTask.get(FutureTask.java:191)
... 21 more
Caused by: org.openqa.selenium.NoSuchSessionException: Session ID is null. Using WebDriver after calling quit()?
Build info: version: '4.12.1', revision: '8e34639b11'
System info: os.name: 'Windows 10', os.arch: 'amd64', os.version: '10.0', java.version: '17.0.9'
Driver info: org.openqa.selenium.firefox.FirefoxDriver
Command: [null, screenshot {}]
Capabilities {acceptInsecureCerts: true, browserName: firefox, browserVersion: 119.0, moz:accessibilityChecks: false, moz:buildID: 20231019122658, moz:debuggerAddress: 127.0.0.1:32940, moz:geckodriverVersion: 0.33.0, moz:headless: false, moz:platformVersion: 10.0, moz:processID: 17660, moz:profile: C:\Users\BHARAD~1.VIS\AppDa..., moz:shutdownTimeout: 60000, moz:webdriverClick: true, moz:windowless: false, pageLoadStrategy: normal, platformName: windows, proxy: Proxy(), se:cdp: ws://127.0.0.1:32940/devtoo..., se:cdpVersion: 85.0, setWindowRect: true, strictFileInteractability: false, timeouts: {implicit: 0, pageLoad: 300000, script: 30000}, unhandledPromptBehavior: dismiss and notify}
at org.openqa.selenium.remote.HttpCommandExecutor.execute(HttpCommandExecutor.java:152)
at org.openqa.selenium.remote.service.DriverCommandExecutor.invokeExecute(DriverCommandExecutor.java:196)
at org.openqa.selenium.remote.service.DriverCommandExecutor.execute(DriverCommandExecutor.java:171)
at org.openqa.selenium.remote.RemoteWebDriver.execute(RemoteWebDriver.java:602)
at org.openqa.selenium.remote.RemoteWebDriver.execute(RemoteWebDriver.java:675)
at org.openqa.selenium.remote.RemoteWebDriver.execute(RemoteWebDriver.java:679)
at org.openqa.selenium.remote.RemoteWebDriver.getScreenshotAs(RemoteWebDriver.java:325)
at com.ExtentReport.Extentlogger.Base64image(Extentlogger.java:28)
at com.ExtentReport.Extentlogger.skip(Extentlogger.java:102)
at com.listeners.Testinfo.onTestSkipped(Testinfo.java:46)
at java.base/java.util.concurrent.FutureTask.run(FutureTask.java:264)
at java.base/java.util.concurrent.Executors$RunnableAdapter.call(Executors.java:539)
at java.base/java.util.concurrent.FutureTask.run(FutureTask.java:264)
at java.base/java.util.concurrent.ThreadPoolExecutor.runWorker(ThreadPoolExecutor.java:1136)
at java.base/java.util.concurrent.ThreadPoolExecutor$Worker.run(ThreadPoolExecutor.java:635)
at java.base/java.lang.Thread.run(Thread.java:842)
... Removed 29 stack frames]]>
    </failure>
  </testcase> <!-- createemployee -->
  <testcase classname="com.tests.PIM" name="Employeeinfosearch" time="0.32">
    <failure type="org.testng.TestNGException" message="java.util.concurrent.ExecutionException: org.openqa.selenium.NoSuchSessionException: Session ID is null. Using WebDriver after calling quit()?
Build info: version: &amp;apos;4.12.1&amp;apos;, revision: &amp;apos;8e34639b11&amp;apos;
System info: os.name: &amp;apos;Windows 10&amp;apos;, os.arch: &amp;apos;amd64&amp;apos;, os.version: &amp;apos;10.0&amp;apos;, java.version: &amp;apos;17.0.9&amp;apos;
Driver info: org.openqa.selenium.firefox.FirefoxDriver
Command: [null, screenshot {}]
Capabilities {acceptInsecureCerts: true, browserName: firefox, browserVersion: 119.0, moz:accessibilityChecks: false, moz:buildID: 20231019122658, moz:debuggerAddress: 127.0.0.1:32940, moz:geckodriverVersion: 0.33.0, moz:headless: false, moz:platformVersion: 10.0, moz:processID: 17660, moz:profile: C:\Users\BHARAD~1.VIS\AppDa..., moz:shutdownTimeout: 60000, moz:webdriverClick: true, moz:windowless: false, pageLoadStrategy: normal, platformName: windows, proxy: Proxy(), se:cdp: ws://127.0.0.1:32940/devtoo..., se:cdpVersion: 85.0, setWindowRect: true, strictFileInteractability: false, timeouts: {implicit: 0, pageLoad: 300000, script: 30000}, unhandledPromptBehavior: dismiss and notify}">
      <![CDATA[org.testng.TestNGException: java.util.concurrent.ExecutionException: org.openqa.selenium.NoSuchSessionException: Session ID is null. Using WebDriver after calling quit()?
Build info: version: '4.12.1', revision: '8e34639b11'
System info: os.name: 'Windows 10', os.arch: 'amd64', os.version: '10.0', java.version: '17.0.9'
Driver info: org.openqa.selenium.firefox.FirefoxDriver
Command: [null, screenshot {}]
Capabilities {acceptInsecureCerts: true, browserName: firefox, browserVersion: 119.0, moz:accessibilityChecks: false, moz:buildID: 20231019122658, moz:debuggerAddress: 127.0.0.1:32940, moz:geckodriverVersion: 0.33.0, moz:headless: false, moz:platformVersion: 10.0, moz:processID: 17660, moz:profile: C:\Users\BHARAD~1.VIS\AppDa..., moz:shutdownTimeout: 60000, moz:webdriverClick: true, moz:windowless: false, pageLoadStrategy: normal, platformName: windows, proxy: Proxy(), se:cdp: ws://127.0.0.1:32940/devtoo..., se:cdpVersion: 85.0, setWindowRect: true, strictFileInteractability: false, timeouts: {implicit: 0, pageLoad: 300000, script: 30000}, unhandledPromptBehavior: dismiss and notify}
at java.base/java.util.ArrayList.forEach(ArrayList.java:1511)
Caused by: java.util.concurrent.ExecutionException: org.openqa.selenium.NoSuchSessionException: Session ID is null. Using WebDriver after calling quit()?
Build info: version: '4.12.1', revision: '8e34639b11'
System info: os.name: 'Windows 10', os.arch: 'amd64', os.version: '10.0', java.version: '17.0.9'
Driver info: org.openqa.selenium.firefox.FirefoxDriver
Command: [null, screenshot {}]
Capabilities {acceptInsecureCerts: true, browserName: firefox, browserVersion: 119.0, moz:accessibilityChecks: false, moz:buildID: 20231019122658, moz:debuggerAddress: 127.0.0.1:32940, moz:geckodriverVersion: 0.33.0, moz:headless: false, moz:platformVersion: 10.0, moz:processID: 17660, moz:profile: C:\Users\BHARAD~1.VIS\AppDa..., moz:shutdownTimeout: 60000, moz:webdriverClick: true, moz:windowless: false, pageLoadStrategy: normal, platformName: windows, proxy: Proxy(), se:cdp: ws://127.0.0.1:32940/devtoo..., se:cdpVersion: 85.0, setWindowRect: true, strictFileInteractability: false, timeouts: {implicit: 0, pageLoad: 300000, script: 30000}, unhandledPromptBehavior: dismiss and notify}
at java.base/java.util.concurrent.FutureTask.report(FutureTask.java:122)
at java.base/java.util.concurrent.FutureTask.get(FutureTask.java:191)
... 21 more
Caused by: org.openqa.selenium.NoSuchSessionException: Session ID is null. Using WebDriver after calling quit()?
Build info: version: '4.12.1', revision: '8e34639b11'
System info: os.name: 'Windows 10', os.arch: 'amd64', os.version: '10.0', java.version: '17.0.9'
Driver info: org.openqa.selenium.firefox.FirefoxDriver
Command: [null, screenshot {}]
Capabilities {acceptInsecureCerts: true, browserName: firefox, browserVersion: 119.0, moz:accessibilityChecks: false, moz:buildID: 20231019122658, moz:debuggerAddress: 127.0.0.1:32940, moz:geckodriverVersion: 0.33.0, moz:headless: false, moz:platformVersion: 10.0, moz:processID: 17660, moz:profile: C:\Users\BHARAD~1.VIS\AppDa..., moz:shutdownTimeout: 60000, moz:webdriverClick: true, moz:windowless: false, pageLoadStrategy: normal, platformName: windows, proxy: Proxy(), se:cdp: ws://127.0.0.1:32940/devtoo..., se:cdpVersion: 85.0, setWindowRect: true, strictFileInteractability: false, timeouts: {implicit: 0, pageLoad: 300000, script: 30000}, unhandledPromptBehavior: dismiss and notify}
at org.openqa.selenium.remote.HttpCommandExecutor.execute(HttpCommandExecutor.java:152)
at org.openqa.selenium.remote.service.DriverCommandExecutor.invokeExecute(DriverCommandExecutor.java:196)
at org.openqa.selenium.remote.service.DriverCommandExecutor.execute(DriverCommandExecutor.java:171)
at org.openqa.selenium.remote.RemoteWebDriver.execute(RemoteWebDriver.java:602)
at org.openqa.selenium.remote.RemoteWebDriver.execute(RemoteWebDriver.java:675)
at org.openqa.selenium.remote.RemoteWebDriver.execute(RemoteWebDriver.java:679)
at org.openqa.selenium.remote.RemoteWebDriver.getScreenshotAs(RemoteWebDriver.java:325)
at com.ExtentReport.Extentlogger.Base64image(Extentlogger.java:28)
at com.ExtentReport.Extentlogger.skip(Extentlogger.java:102)
at com.listeners.Testinfo.onTestSkipped(Testinfo.java:46)
at java.base/java.util.concurrent.FutureTask.run(FutureTask.java:264)
at java.base/java.util.concurrent.Executors$RunnableAdapter.call(Executors.java:539)
at java.base/java.util.concurrent.FutureTask.run(FutureTask.java:264)
at java.base/java.util.concurrent.ThreadPoolExecutor.runWorker(ThreadPoolExecutor.java:1136)
at java.base/java.util.concurrent.ThreadPoolExecutor$Worker.run(ThreadPoolExecutor.java:635)
at java.base/java.lang.Thread.run(Thread.java:842)
... Removed 29 stack frames]]>
    </failure>
  </testcase> <!-- Employeeinfosearch -->
  <testcase classname="com.tests.PIM" name="getemployeedata" time="0.01">
    <failure type="org.openqa.selenium.NoSuchSessionException" message="Session ID is null. Using WebDriver after calling quit()?
Build info: version: &amp;apos;4.12.1&amp;apos;, revision: &amp;apos;8e34639b11&amp;apos;
System info: os.name: &amp;apos;Windows 10&amp;apos;, os.arch: &amp;apos;amd64&amp;apos;, os.version: &amp;apos;10.0&amp;apos;, java.version: &amp;apos;17.0.9&amp;apos;
Driver info: org.openqa.selenium.firefox.FirefoxDriver
Command: [null, screenshot {}]
Capabilities {acceptInsecureCerts: true, browserName: firefox, browserVersion: 119.0, moz:accessibilityChecks: false, moz:buildID: 20231019122658, moz:debuggerAddress: 127.0.0.1:32940, moz:geckodriverVersion: 0.33.0, moz:headless: false, moz:platformVersion: 10.0, moz:processID: 17660, moz:profile: C:\Users\BHARAD~1.VIS\AppDa..., moz:shutdownTimeout: 60000, moz:webdriverClick: true, moz:windowless: false, pageLoadStrategy: normal, platformName: windows, proxy: Proxy(), se:cdp: ws://127.0.0.1:32940/devtoo..., se:cdpVersion: 85.0, setWindowRect: true, strictFileInteractability: false, timeouts: {implicit: 0, pageLoad: 300000, script: 30000}, unhandledPromptBehavior: dismiss and notify}">
      <![CDATA[org.openqa.selenium.NoSuchSessionException: Session ID is null. Using WebDriver after calling quit()?
Build info: version: '4.12.1', revision: '8e34639b11'
System info: os.name: 'Windows 10', os.arch: 'amd64', os.version: '10.0', java.version: '17.0.9'
Driver info: org.openqa.selenium.firefox.FirefoxDriver
Command: [null, screenshot {}]
Capabilities {acceptInsecureCerts: true, browserName: firefox, browserVersion: 119.0, moz:accessibilityChecks: false, moz:buildID: 20231019122658, moz:debuggerAddress: 127.0.0.1:32940, moz:geckodriverVersion: 0.33.0, moz:headless: false, moz:platformVersion: 10.0, moz:processID: 17660, moz:profile: C:\Users\BHARAD~1.VIS\AppDa..., moz:shutdownTimeout: 60000, moz:webdriverClick: true, moz:windowless: false, pageLoadStrategy: normal, platformName: windows, proxy: Proxy(), se:cdp: ws://127.0.0.1:32940/devtoo..., se:cdpVersion: 85.0, setWindowRect: true, strictFileInteractability: false, timeouts: {implicit: 0, pageLoad: 300000, script: 30000}, unhandledPromptBehavior: dismiss and notify}
at org.openqa.selenium.remote.HttpCommandExecutor.execute(HttpCommandExecutor.java:152)
at org.openqa.selenium.remote.service.DriverCommandExecutor.invokeExecute(DriverCommandExecutor.java:196)
at org.openqa.selenium.remote.service.DriverCommandExecutor.execute(DriverCommandExecutor.java:171)
at org.openqa.selenium.remote.RemoteWebDriver.execute(RemoteWebDriver.java:602)
at org.openqa.selenium.remote.RemoteWebDriver.execute(RemoteWebDriver.java:675)
at org.openqa.selenium.remote.RemoteWebDriver.execute(RemoteWebDriver.java:679)
at org.openqa.selenium.remote.RemoteWebDriver.getScreenshotAs(RemoteWebDriver.java:325)
at com.ExtentReport.Extentlogger.Base64image(Extentlogger.java:28)
at com.ExtentReport.Extentlogger.skip(Extentlogger.java:102)
at com.listeners.Testinfo.onTestSkipped(Testinfo.java:46)
at java.base/java.util.ArrayList.forEach(ArrayList.java:1511)
... Removed 25 stack frames]]>
    </failure>
  </testcase> <!-- getemployeedata -->
  <testcase classname="com.tests.Admin" name="deleteadmin" time="21.729">
    <failure type="org.openqa.selenium.NoSuchSessionException" message="WebDriver session does not exist, or is not active
Build info: version: &amp;apos;4.12.1&amp;apos;, revision: &amp;apos;8e34639b11&amp;apos;
System info: os.name: &amp;apos;Windows 10&amp;apos;, os.arch: &amp;apos;amd64&amp;apos;, os.version: &amp;apos;10.0&amp;apos;, java.version: &amp;apos;17.0.9&amp;apos;
Driver info: org.openqa.selenium.firefox.FirefoxDriver
Command: [16fc0074-282b-4f67-b217-5785aa5a5e39, screenshot {}]
Capabilities {acceptInsecureCerts: true, browserName: firefox, browserVersion: 119.0, moz:accessibilityChecks: false, moz:buildID: 20231019122658, moz:debuggerAddress: 127.0.0.1:34348, moz:geckodriverVersion: 0.33.0, moz:headless: false, moz:platformVersion: 10.0, moz:processID: 3192, moz:profile: C:\Users\BHARAD~1.VIS\AppDa..., moz:shutdownTimeout: 60000, moz:webdriverClick: true, moz:windowless: false, pageLoadStrategy: normal, platformName: windows, proxy: Proxy(), se:cdp: ws://127.0.0.1:34348/devtoo..., se:cdpVersion: 85.0, setWindowRect: true, strictFileInteractability: false, timeouts: {implicit: 0, pageLoad: 300000, script: 30000}, unhandledPromptBehavior: dismiss and notify}
Session ID: 16fc0074-282b-4f67-b217-5785aa5a5e39">
      <![CDATA[org.openqa.selenium.NoSuchSessionException: WebDriver session does not exist, or is not active
Build info: version: '4.12.1', revision: '8e34639b11'
System info: os.name: 'Windows 10', os.arch: 'amd64', os.version: '10.0', java.version: '17.0.9'
Driver info: org.openqa.selenium.firefox.FirefoxDriver
Command: [16fc0074-282b-4f67-b217-5785aa5a5e39, screenshot {}]
Capabilities {acceptInsecureCerts: true, browserName: firefox, browserVersion: 119.0, moz:accessibilityChecks: false, moz:buildID: 20231019122658, moz:debuggerAddress: 127.0.0.1:34348, moz:geckodriverVersion: 0.33.0, moz:headless: false, moz:platformVersion: 10.0, moz:processID: 3192, moz:profile: C:\Users\BHARAD~1.VIS\AppDa..., moz:shutdownTimeout: 60000, moz:webdriverClick: true, moz:windowless: false, pageLoadStrategy: normal, platformName: windows, proxy: Proxy(), se:cdp: ws://127.0.0.1:34348/devtoo..., se:cdpVersion: 85.0, setWindowRect: true, strictFileInteractability: false, timeouts: {implicit: 0, pageLoad: 300000, script: 30000}, unhandledPromptBehavior: dismiss and notify}
Session ID: 16fc0074-282b-4f67-b217-5785aa5a5e39
at org.openqa.selenium.remote.codec.w3c.W3CHttpResponseCodec.createException(W3CHttpResponseCodec.java:200)
at org.openqa.selenium.remote.codec.w3c.W3CHttpResponseCodec.decode(W3CHttpResponseCodec.java:133)
at org.openqa.selenium.remote.codec.w3c.W3CHttpResponseCodec.decode(W3CHttpResponseCodec.java:52)
at org.openqa.selenium.remote.HttpCommandExecutor.execute(HttpCommandExecutor.java:191)
at org.openqa.selenium.remote.service.DriverCommandExecutor.invokeExecute(DriverCommandExecutor.java:196)
at org.openqa.selenium.remote.service.DriverCommandExecutor.execute(DriverCommandExecutor.java:171)
at org.openqa.selenium.remote.RemoteWebDriver.execute(RemoteWebDriver.java:602)
at org.openqa.selenium.remote.RemoteWebDriver.execute(RemoteWebDriver.java:675)
at org.openqa.selenium.remote.RemoteWebDriver.execute(RemoteWebDriver.java:679)
at org.openqa.selenium.remote.RemoteWebDriver.getScreenshotAs(RemoteWebDriver.java:325)
at com.ExtentReport.Extentlogger.Base64image(Extentlogger.java:28)
at com.ExtentReport.Extentlogger.skip(Extentlogger.java:102)
at com.listeners.Testinfo.onTestSkipped(Testinfo.java:46)
at java.base/java.util.ArrayList.forEach(ArrayList.java:1511)
... Removed 29 stack frames]]>
    </failure>
  </testcase> <!-- deleteadmin -->
  <testcase classname="com.tests.Admin" name="AddAdminuser" time="15.503">
    <failure type="org.testng.TestNGException" message="java.util.concurrent.ExecutionException: org.openqa.selenium.NoSuchSessionException: Tried to run command without establishing a connection
Build info: version: &amp;apos;4.12.1&amp;apos;, revision: &amp;apos;8e34639b11&amp;apos;
System info: os.name: &amp;apos;Windows 10&amp;apos;, os.arch: &amp;apos;amd64&amp;apos;, os.version: &amp;apos;10.0&amp;apos;, java.version: &amp;apos;17.0.9&amp;apos;
Driver info: org.openqa.selenium.firefox.FirefoxDriver
Command: [e280cad9-4d4b-4d50-b2c3-34ef88fe83ec, screenshot {}]
Capabilities {acceptInsecureCerts: true, browserName: firefox, browserVersion: 119.0, moz:accessibilityChecks: false, moz:buildID: 20231019122658, moz:debuggerAddress: 127.0.0.1:36804, moz:geckodriverVersion: 0.33.0, moz:headless: false, moz:platformVersion: 10.0, moz:processID: 8020, moz:profile: C:\Users\BHARAD~1.VIS\AppDa..., moz:shutdownTimeout: 60000, moz:webdriverClick: true, moz:windowless: false, pageLoadStrategy: normal, platformName: windows, proxy: Proxy(), se:cdp: ws://127.0.0.1:36804/devtoo..., se:cdpVersion: 85.0, setWindowRect: true, strictFileInteractability: false, timeouts: {implicit: 0, pageLoad: 300000, script: 30000}, unhandledPromptBehavior: dismiss and notify}
Session ID: e280cad9-4d4b-4d50-b2c3-34ef88fe83ec">
      <![CDATA[org.testng.TestNGException: java.util.concurrent.ExecutionException: org.openqa.selenium.NoSuchSessionException: Tried to run command without establishing a connection
Build info: version: '4.12.1', revision: '8e34639b11'
System info: os.name: 'Windows 10', os.arch: 'amd64', os.version: '10.0', java.version: '17.0.9'
Driver info: org.openqa.selenium.firefox.FirefoxDriver
Command: [e280cad9-4d4b-4d50-b2c3-34ef88fe83ec, screenshot {}]
Capabilities {acceptInsecureCerts: true, browserName: firefox, browserVersion: 119.0, moz:accessibilityChecks: false, moz:buildID: 20231019122658, moz:debuggerAddress: 127.0.0.1:36804, moz:geckodriverVersion: 0.33.0, moz:headless: false, moz:platformVersion: 10.0, moz:processID: 8020, moz:profile: C:\Users\BHARAD~1.VIS\AppDa..., moz:shutdownTimeout: 60000, moz:webdriverClick: true, moz:windowless: false, pageLoadStrategy: normal, platformName: windows, proxy: Proxy(), se:cdp: ws://127.0.0.1:36804/devtoo..., se:cdpVersion: 85.0, setWindowRect: true, strictFileInteractability: false, timeouts: {implicit: 0, pageLoad: 300000, script: 30000}, unhandledPromptBehavior: dismiss and notify}
Session ID: e280cad9-4d4b-4d50-b2c3-34ef88fe83ec
at java.base/java.util.ArrayList.forEach(ArrayList.java:1511)
Caused by: java.util.concurrent.ExecutionException: org.openqa.selenium.NoSuchSessionException: Tried to run command without establishing a connection
Build info: version: '4.12.1', revision: '8e34639b11'
System info: os.name: 'Windows 10', os.arch: 'amd64', os.version: '10.0', java.version: '17.0.9'
Driver info: org.openqa.selenium.firefox.FirefoxDriver
Command: [e280cad9-4d4b-4d50-b2c3-34ef88fe83ec, screenshot {}]
Capabilities {acceptInsecureCerts: true, browserName: firefox, browserVersion: 119.0, moz:accessibilityChecks: false, moz:buildID: 20231019122658, moz:debuggerAddress: 127.0.0.1:36804, moz:geckodriverVersion: 0.33.0, moz:headless: false, moz:platformVersion: 10.0, moz:processID: 8020, moz:profile: C:\Users\BHARAD~1.VIS\AppDa..., moz:shutdownTimeout: 60000, moz:webdriverClick: true, moz:windowless: false, pageLoadStrategy: normal, platformName: windows, proxy: Proxy(), se:cdp: ws://127.0.0.1:36804/devtoo..., se:cdpVersion: 85.0, setWindowRect: true, strictFileInteractability: false, timeouts: {implicit: 0, pageLoad: 300000, script: 30000}, unhandledPromptBehavior: dismiss and notify}
Session ID: e280cad9-4d4b-4d50-b2c3-34ef88fe83ec
at java.base/java.util.concurrent.FutureTask.report(FutureTask.java:122)
at java.base/java.util.concurrent.FutureTask.get(FutureTask.java:191)
... 21 more
Caused by: org.openqa.selenium.NoSuchSessionException: Tried to run command without establishing a connection
Build info: version: '4.12.1', revision: '8e34639b11'
System info: os.name: 'Windows 10', os.arch: 'amd64', os.version: '10.0', java.version: '17.0.9'
Driver info: org.openqa.selenium.firefox.FirefoxDriver
Command: [e280cad9-4d4b-4d50-b2c3-34ef88fe83ec, screenshot {}]
Capabilities {acceptInsecureCerts: true, browserName: firefox, browserVersion: 119.0, moz:accessibilityChecks: false, moz:buildID: 20231019122658, moz:debuggerAddress: 127.0.0.1:36804, moz:geckodriverVersion: 0.33.0, moz:headless: false, moz:platformVersion: 10.0, moz:processID: 8020, moz:profile: C:\Users\BHARAD~1.VIS\AppDa..., moz:shutdownTimeout: 60000, moz:webdriverClick: true, moz:windowless: false, pageLoadStrategy: normal, platformName: windows, proxy: Proxy(), se:cdp: ws://127.0.0.1:36804/devtoo..., se:cdpVersion: 85.0, setWindowRect: true, strictFileInteractability: false, timeouts: {implicit: 0, pageLoad: 300000, script: 30000}, unhandledPromptBehavior: dismiss and notify}
Session ID: e280cad9-4d4b-4d50-b2c3-34ef88fe83ec
at org.openqa.selenium.remote.codec.w3c.W3CHttpResponseCodec.createException(W3CHttpResponseCodec.java:200)
at org.openqa.selenium.remote.codec.w3c.W3CHttpResponseCodec.decode(W3CHttpResponseCodec.java:133)
at org.openqa.selenium.remote.codec.w3c.W3CHttpResponseCodec.decode(W3CHttpResponseCodec.java:52)
at org.openqa.selenium.remote.HttpCommandExecutor.execute(HttpCommandExecutor.java:191)
at org.openqa.selenium.remote.service.DriverCommandExecutor.invokeExecute(DriverCommandExecutor.java:196)
at org.openqa.selenium.remote.service.DriverCommandExecutor.execute(DriverCommandExecutor.java:171)
at org.openqa.selenium.remote.RemoteWebDriver.execute(RemoteWebDriver.java:602)
at org.openqa.selenium.remote.RemoteWebDriver.execute(RemoteWebDriver.java:675)
at org.openqa.selenium.remote.RemoteWebDriver.execute(RemoteWebDriver.java:679)
at org.openqa.selenium.remote.RemoteWebDriver.getScreenshotAs(RemoteWebDriver.java:325)
at com.ExtentReport.Extentlogger.Base64image(Extentlogger.java:28)
at com.ExtentReport.Extentlogger.skip(Extentlogger.java:102)
at com.listeners.Testinfo.onTestSkipped(Testinfo.java:46)
at java.base/java.util.concurrent.FutureTask.run(FutureTask.java:264)
at java.base/java.util.concurrent.Executors$RunnableAdapter.call(Executors.java:539)
at java.base/java.util.concurrent.FutureTask.run(FutureTask.java:264)
at java.base/java.util.concurrent.ThreadPoolExecutor.runWorker(ThreadPoolExecutor.java:1136)
at java.base/java.util.concurrent.ThreadPoolExecutor$Worker.run(ThreadPoolExecutor.java:635)
at java.base/java.lang.Thread.run(Thread.java:842)
... Removed 33 stack frames]]>
    </failure>
  </testcase> <!-- AddAdminuser -->
  <testcase classname="com.browser.Browser" name="@BeforeSuite BeforeLaunchingbrowser" time="0.0">
    <ignored/>
  </testcase> <!-- @BeforeSuite BeforeLaunchingbrowser -->
  <testcase classname="com.tests.Admin" name="searchAdmin" time="0.0">
    <ignored/>
  </testcase> <!-- searchAdmin -->
  <testcase classname="com.browser.Browser" name="@BeforeSuite BeforeLaunchingbrowser" time="0.0">
    <ignored/>
  </testcase> <!-- @BeforeSuite BeforeLaunchingbrowser -->
</testsuite> <!-- Run on firefox -->
