<?xml version="1.0" encoding="UTF-8"?>
<!-- Generated by org.testng.reporters.JUnitXMLReporter -->
<testsuite ignored="3" hostname="Bharadwaj-B6DD2G2" failures="0" tests="20" name="Run on Chrome" time="650.068" errors="0" timestamp="2023-11-20T17:14:19 IST">
  <testcase classname="com.tests.Login" name="verifyurlTC001" time="5.363"/>
  <testcase classname="com.tests.Login" name="VerifytheerrormessageonloginpageTC002" time="3.467"/>
  <testcase classname="com.tests.PIM" name="deleteemployee" time="5.641"/>
  <testcase classname="com.tests.PIM" name="createemployee" time="7.863"/>
  <testcase classname="com.tests.PIM" name="createemployee" time="7.26"/>
  <testcase classname="com.tests.PIM" name="createemployee" time="7.13"/>
  <testcase classname="com.tests.PIM" name="createemployee" time="7.537"/>
  <testcase classname="com.tests.PIM" name="Employeeinfosearch" time="8.421"/>
  <testcase classname="com.tests.PIM" name="Employeeinfosearch" time="8.229"/>
  <testcase classname="com.tests.PIM" name="Employeeinfosearch" time="7.966"/>
  <testcase classname="com.tests.PIM" name="Employeeinfosearch" time="10.769"/>
  <testcase classname="com.tests.PIM" name="getemployeedata" time="36.152"/>
  <testcase classname="com.tests.Admin" name="deleteadmin" time="65.191">
    <skipped/>
  </testcase> <!-- deleteadmin -->
  <testcase classname="com.tests.Admin" name="deleteadmin" time="64.8">
    <skipped/>
  </testcase> <!-- deleteadmin -->
  <testcase classname="com.tests.Admin" name="deleteadmin" time="65.995">
    <skipped/>
  </testcase> <!-- deleteadmin -->
  <testcase classname="com.tests.Admin" name="deleteadmin" time="14.716"/>
  <testcase classname="com.tests.Admin" name="AddAdminuser" time="20.587"/>
  <testcase classname="com.tests.Admin" name="AddAdminuser" time="19.964"/>
  <testcase classname="com.tests.Admin" name="AddAdminuser" time="10.433"/>
  <testcase classname="com.tests.Admin" name="AddAdminuser" time="20.145"/>
  <testcase classname="com.browser.Browser" name="@BeforeSuite BeforeLaunchingbrowser" time="0.0">
    <ignored/>
  </testcase> <!-- @BeforeSuite BeforeLaunchingbrowser -->
  <testcase classname="com.browser.Browser" name="@BeforeSuite BeforeLaunchingbrowser" time="0.0">
    <ignored/>
  </testcase> <!-- @BeforeSuite BeforeLaunchingbrowser -->
  <testcase classname="com.tests.Admin" name="searchAdmin" time="0.0">
    <ignored/>
  </testcase> <!-- searchAdmin -->
</testsuite> <!-- Run on Chrome -->
